22.5.2022, 12:20:34 - INFO - Socket disconnected [id: undefined] 
22.5.2022, 12:20:36 - INFO - New connected socket [id: tYzzj2eSL6XNvq_oAAAJ] 
22.5.2022, 12:21:03 - DEBUG - auth.service - login with username: user1 (userId: 614ad26392b8a1101045b3a1)
22.5.2022, 12:21:03 - INFO - User login:  | {"_id":"614ad26392b8a1101045b3a1","username":"user1","fullname":"Puki Norma","score":3140} (userId: 614ad26392b8a1101045b3a1)
22.5.2022, 12:21:03 - INFO - Setting socket.userId = 614ad26392b8a1101045b3a1 for socket [id: tYzzj2eSL6XNvq_oAAAJ] 
22.5.2022, 12:22:35 - INFO - Socket disconnected [id: undefined] 
22.5.2022, 12:22:35 - INFO - Socket disconnected [id: undefined] 
22.5.2022, 12:22:36 - INFO - Socket disconnected [id: undefined] 
22.5.2022, 12:22:37 - INFO - New connected socket [id: 2QqTjVzWwdROXu0bAAAM] 
22.5.2022, 12:22:37 - INFO - New connected socket [id: B7bS9JRGsmK28rYzAAAN] 
22.5.2022, 12:22:39 - INFO - New connected socket [id: mRCJ4rbIGO73BMMcAAAP] 
22.5.2022, 12:22:40 - INFO - Setting socket.userId = 614ad26392b8a1101045b3a1 for socket [id: mRCJ4rbIGO73BMMcAAAP] 
22.5.2022, 12:27:03 - INFO - New connected socket [id: -BUzrAfBLsXryiQaAAAR] 
22.5.2022, 12:27:03 - INFO - Setting socket.userId = 614ad26392b8a1101045b3a1 for socket [id: -BUzrAfBLsXryiQaAAAR] 
22.5.2022, 12:27:05 - INFO - New chat msg from socket [id: -BUzrAfBLsXryiQaAAAR], emitting to topic Love 
22.5.2022, 12:27:18 - INFO - Socket disconnected [id: undefined] 
22.5.2022, 12:27:18 - INFO - Socket disconnected [id: undefined] 
22.5.2022, 12:27:20 - INFO - New connected socket [id: KZiycNPywcK8xCxQAAAU] 
22.5.2022, 12:27:21 - INFO - New connected socket [id: MlFm92RP29rT74FnAAAV] 
22.5.2022, 12:27:21 - INFO - Setting socket.userId = 614ad26392b8a1101045b3a1 for socket [id: MlFm92RP29rT74FnAAAV] 
22.5.2022, 12:27:21 - INFO - Setting socket.userId = 614ad26392b8a1101045b3a1 for socket [id: MlFm92RP29rT74FnAAAV] 
22.5.2022, 12:27:24 - INFO - New chat msg from socket [id: MlFm92RP29rT74FnAAAV], emitting to topic Love 
22.5.2022, 12:28:08 - INFO - New connected socket [id: U4n1j5ZqaWEe58Y4AAAX] 
22.5.2022, 12:28:08 - INFO - New connected socket [id: 86fdhRiDYQQD6XUMAAAZ] 
22.5.2022, 12:28:09 - INFO - Setting socket.userId = 614ad26392b8a1101045b3a1 for socket [id: 86fdhRiDYQQD6XUMAAAZ] 
22.5.2022, 12:28:30 - INFO - Socket disconnected [id: undefined] 
22.5.2022, 12:28:30 - INFO - Socket disconnected [id: undefined] 
22.5.2022, 12:28:53 - INFO - Socket disconnected [id: undefined] 
22.5.2022, 12:29:17 - INFO - New connected socket [id: n_mkJjbSZVo4YOVmAAAb] 
22.5.2022, 12:29:18 - INFO - New connected socket [id: ejNTHKpzzJ89YHCgAAAd] 
22.5.2022, 12:29:18 - INFO - New connected socket [id: 1FfDydN0OapSNjz_AAAf] 
22.5.2022, 12:29:18 - INFO - Setting socket.userId = 614ad26392b8a1101045b3a1 for socket [id: 1FfDydN0OapSNjz_AAAf] 
22.5.2022, 12:29:18 - INFO - Setting socket.userId = 614ad26392b8a1101045b3a1 for socket [id: 1FfDydN0OapSNjz_AAAf] 
22.5.2022, 12:29:25 - INFO - New chat msg from socket [id: 1FfDydN0OapSNjz_AAAf], emitting to topic Love 
22.5.2022, 12:29:37 - INFO - Socket disconnected [id: undefined] 
22.5.2022, 12:29:37 - INFO - Socket disconnected [id: undefined] 
22.5.2022, 12:29:37 - INFO - Socket disconnected [id: undefined] 
22.5.2022, 12:29:37 - INFO - Socket disconnected [id: undefined] 
22.5.2022, 12:29:38 - INFO - New connected socket [id: fvBwvzWDtD92GhMfAAAi] 
22.5.2022, 12:29:38 - INFO - New connected socket [id: rGrIV1Ru3JpYKanLAAAj] 
22.5.2022, 12:29:40 - INFO - New chat msg from socket [id: fvBwvzWDtD92GhMfAAAi], emitting to topic Love 
22.5.2022, 12:29:48 - INFO - Socket is leaving topic Love [id: fvBwvzWDtD92GhMfAAAi] 
22.5.2022, 12:29:50 - INFO - New chat msg from socket [id: fvBwvzWDtD92GhMfAAAi], emitting to topic Politics 
22.5.2022, 12:29:52 - INFO - Socket is leaving topic Love [id: 1FfDydN0OapSNjz_AAAf] 
22.5.2022, 12:29:57 - INFO - New chat msg from socket [id: 1FfDydN0OapSNjz_AAAf], emitting to topic Politics 
22.5.2022, 12:30:04 - INFO - New connected socket [id: plCcCqupiDHyld2UAAAl] 
22.5.2022, 12:30:05 - INFO - Setting socket.userId = 614ad26392b8a1101045b3a1 for socket [id: plCcCqupiDHyld2UAAAl] 
22.5.2022, 12:30:08 - INFO - New chat msg from socket [id: plCcCqupiDHyld2UAAAl], emitting to topic Politics 
22.5.2022, 12:30:33 - INFO - New connected socket [id: 0stgyTJy3n4OgaYnAAAn] 
22.5.2022, 12:30:34 - INFO - New connected socket [id: ydymkx_-7V93uBzDAAAp] 
22.5.2022, 12:30:34 - INFO - Setting socket.userId = 614ad26392b8a1101045b3a1 for socket [id: 0stgyTJy3n4OgaYnAAAn] 
22.5.2022, 12:33:50 - INFO - Socket disconnected [id: undefined] 
22.5.2022, 12:33:50 - INFO - Socket disconnected [id: undefined] 
22.5.2022, 12:33:50 - INFO - Socket disconnected [id: undefined] 
22.5.2022, 12:33:50 - INFO - Socket disconnected [id: undefined] 
22.5.2022, 12:33:50 - INFO - Socket disconnected [id: undefined] 
22.5.2022, 12:33:51 - INFO - Socket disconnected [id: undefined] 
22.5.2022, 12:33:51 - INFO - Socket disconnected [id: undefined] 
22.5.2022, 12:33:54 - INFO - New connected socket [id: TTmNL1dGwk-S_jULAAAs] 
22.5.2022, 12:33:54 - INFO - New connected socket [id: U6AwtEMcqFfKt0PQAAAt] 
22.5.2022, 12:33:56 - INFO - New connected socket [id: XxiopI45tBSt4agTAAAv] 
22.5.2022, 12:33:56 - INFO - New connected socket [id: qbsSlJtWRI7m7a02AAAx] 
22.5.2022, 12:34:01 - INFO - Setting socket.userId = 614ad26392b8a1101045b3a1 for socket [id: qbsSlJtWRI7m7a02AAAx] 
22.5.2022, 12:34:01 - INFO - Setting socket.userId = 614ad26392b8a1101045b3a1 for socket [id: qbsSlJtWRI7m7a02AAAx] 
22.5.2022, 12:34:01 - INFO - New connected socket [id: 3wRnMPyGKGzFJ2NpAAAz] 
22.5.2022, 12:34:01 - INFO - New connected socket [id: YW9Fu4crINjIpAIBAAA1] 
22.5.2022, 12:34:02 - INFO - Setting socket.userId = 614ad26392b8a1101045b3a1 for socket [id: 3wRnMPyGKGzFJ2NpAAAz] 
22.5.2022, 12:34:12 - INFO - New connected socket [id: M_WYsYSrYNMnwgL-AAA3] 
22.5.2022, 12:34:12 - INFO - New connected socket [id: tqi40f8K4hopopZWAAA5] 
22.5.2022, 12:34:13 - INFO - Setting socket.userId = 614ad26392b8a1101045b3a1 for socket [id: M_WYsYSrYNMnwgL-AAA3] 
22.5.2022, 12:34:38 - INFO - New connected socket [id: VFYwSGb3a0OfE-AxAAA7] 
22.5.2022, 12:34:38 - INFO - New connected socket [id: 0P2WkGzQ2H6HNqn7AAA9] 
22.5.2022, 12:34:39 - INFO - Setting socket.userId = 614ad26392b8a1101045b3a1 for socket [id: 0P2WkGzQ2H6HNqn7AAA9] 
22.5.2022, 12:34:59 - INFO - New connected socket [id: PVS-WK9KuLcKO6N2AAA_] 
22.5.2022, 12:34:59 - INFO - New connected socket [id: JmtpTt1QxJBwfI2rAABB] 
22.5.2022, 12:35:00 - INFO - Setting socket.userId = 614ad26392b8a1101045b3a1 for socket [id: PVS-WK9KuLcKO6N2AAA_] 
22.5.2022, 12:36:36 - DEBUG - auth.service - signup with username: ya, fullname: Ya 
22.5.2022, 12:36:36 - DEBUG - auth.route - new account created: {"username":"ya","password":"$2b$10$j6/XZncPCi1CfI1RsfSB1.zIXgZrpYrSZjrtC5mCxK0Mp/phQcwZm","fullname":"Ya","imgUrl":"https://res.cloudinary.com/dcwibf9o5/image/upload/v1653212192/jfz8ymdhk5i6jdb2u4bq.jpg","score":100,"_id":"628a0424ae695950446757ed"} 
22.5.2022, 12:36:36 - DEBUG - auth.service - login with username: ya 
22.5.2022, 12:36:36 - INFO - User signup: | {"_id":"628a0424ae695950446757ed","username":"ya","fullname":"Ya","imgUrl":"https://res.cloudinary.com/dcwibf9o5/image/upload/v1653212192/jfz8ymdhk5i6jdb2u4bq.jpg","score":100} 
22.5.2022, 12:36:36 - INFO - Setting socket.userId = 628a0424ae695950446757ed for socket [id: JmtpTt1QxJBwfI2rAABB] 
22.5.2022, 12:37:12 - INFO - Broadcasting event: review-added (userId: 614ad26392b8a1101045b3a1)
22.5.2022, 12:37:12 - INFO - Broadcast to all excluding user: 614ad26392b8a1101045b3a1 (userId: 614ad26392b8a1101045b3a1)
22.5.2022, 12:37:12 - INFO - No active socket for user: 614ad26392b8a1101045b3a2 (userId: 614ad26392b8a1101045b3a1)
22.5.2022, 12:37:21 - INFO - Socket disconnected [id: undefined] 
22.5.2022, 12:37:21 - INFO - Socket disconnected [id: undefined] 
22.5.2022, 12:37:21 - INFO - Socket disconnected [id: undefined] 
22.5.2022, 12:37:21 - INFO - Socket disconnected [id: undefined] 
22.5.2022, 12:37:21 - INFO - Socket disconnected [id: undefined] 
22.5.2022, 12:37:21 - INFO - Socket disconnected [id: undefined] 
22.5.2022, 12:37:22 - INFO - New connected socket [id: MezB_7I3gkaalxL0AABD] 
22.5.2022, 12:37:23 - INFO - Setting socket.userId = 614ad26392b8a1101045b3a1 for socket [id: MezB_7I3gkaalxL0AABD] 
22.5.2022, 12:37:34 - INFO - Broadcasting event: review-added (userId: 614ad26392b8a1101045b3a1)
22.5.2022, 12:37:34 - INFO - Broadcast to all excluding user: 614ad26392b8a1101045b3a1 (userId: 614ad26392b8a1101045b3a1)
22.5.2022, 12:37:34 - INFO - No active socket for user: 614ad26392b8a1101045b3a2 (userId: 614ad26392b8a1101045b3a1)
22.5.2022, 12:42:17 - INFO - Broadcasting event: review-added (userId: 614ad26392b8a1101045b3a1)
22.5.2022, 12:42:17 - INFO - Broadcast to all excluding user: 614ad26392b8a1101045b3a1 (userId: 614ad26392b8a1101045b3a1)
22.5.2022, 12:42:17 - INFO - Emiting event: review-about-you to user: 628a0424ae695950446757ed socket [id: JmtpTt1QxJBwfI2rAABB] (userId: 614ad26392b8a1101045b3a1)
22.5.2022, 12:42:23 - INFO - Socket disconnected [id: undefined] 
22.5.2022, 12:42:23 - INFO - Socket disconnected [id: undefined] 
22.5.2022, 12:42:23 - INFO - Socket disconnected [id: undefined] 
22.5.2022, 12:42:23 - INFO - Socket disconnected [id: undefined] 
22.5.2022, 12:42:23 - INFO - Socket disconnected [id: undefined] 
22.5.2022, 12:42:23 - INFO - Socket disconnected [id: undefined] 
22.5.2022, 12:42:25 - INFO - New connected socket [id: E9WeiJex6SooPIH-AABF] 
22.5.2022, 12:42:25 - INFO - Setting socket.userId = 628a0424ae695950446757ed for socket [id: E9WeiJex6SooPIH-AABF] 
22.5.2022, 12:42:31 - INFO - Broadcasting event: review-added (userId: 614ad26392b8a1101045b3a1)
22.5.2022, 12:42:31 - INFO - Broadcast to all excluding user: 614ad26392b8a1101045b3a1 (userId: 614ad26392b8a1101045b3a1)
22.5.2022, 12:42:31 - INFO - Emiting event: review-about-you to user: 628a0424ae695950446757ed socket [id: E9WeiJex6SooPIH-AABF] (userId: 614ad26392b8a1101045b3a1)
22.5.2022, 12:50:13 - INFO - Server is running on port: 3030 
22.5.2022, 12:50:14 - INFO - New connected socket [id: mZHpoZgSSRZdhPhnAAAD] 
22.5.2022, 12:50:14 - INFO - New connected socket [id: RW_hz9tYkApiAfrSAAAE] 
22.5.2022, 12:50:14 - INFO - New connected socket [id: Lo3Gi2gYCkos4d0yAAAF] 
22.5.2022, 12:53:43 - INFO - user-watch from socket [id: RW_hz9tYkApiAfrSAAAE], on user 614ad26392b8a1101045b3a1 
22.5.2022, 12:53:58 - INFO - user-watch from socket [id: RW_hz9tYkApiAfrSAAAE], on user 628a0424ae695950446757ed 
22.5.2022, 12:54:09 - INFO - Broadcasting event: review-added (userId: 628a0424ae695950446757ed)
22.5.2022, 12:54:09 - INFO - Emit to all (userId: 628a0424ae695950446757ed)
22.5.2022, 12:54:09 - INFO - No active socket for user: 614ad26492b8a1101045b3a3 (userId: 628a0424ae695950446757ed)
22.5.2022, 12:54:46 - INFO - Socket disconnected [id: undefined] 
22.5.2022, 18:37:59 - INFO - Server is running on port: 3030 
22.5.2022, 18:38:02 - INFO - New connected socket [id: sSqvuT8Ij_3wYsQ0AAAB] 
22.5.2022, 18:38:02 - INFO - New chat msg from socket [id: sSqvuT8Ij_3wYsQ0AAAB], emitting to topic Love 
22.5.2022, 18:38:02 - INFO - New chat msg from socket [id: sSqvuT8Ij_3wYsQ0AAAB], emitting to topic Love 
22.5.2022, 18:38:02 - INFO - New chat msg from socket [id: sSqvuT8Ij_3wYsQ0AAAB], emitting to topic Love 
22.5.2022, 18:38:16 - INFO - New chat msg from socket [id: sSqvuT8Ij_3wYsQ0AAAB], emitting to topic Love 
22.5.2022, 18:38:20 - INFO - New chat msg from socket [id: sSqvuT8Ij_3wYsQ0AAAB], emitting to topic Love 
22.5.2022, 18:59:21 - INFO - Server is running on port: 3030 
22.5.2022, 18:59:22 - INFO - New connected socket [id: EGLlQOtR_l4kKkw-AAAB] 
22.5.2022, 19:26:49 - DEBUG - auth.service - signup with username: sss, fullname: sss 
22.5.2022, 19:26:49 - DEBUG - auth.route - new account created: {"username":"sss","password":"$2b$10$2YBRrq4fkxfZQ95MzoBwneP5JHlMfGfDUT03/1dOhppB09Bg6XwaK","fullname":"sss","score":100,"_id":"628a64496698d4136479a817"} 
22.5.2022, 19:26:49 - DEBUG - auth.service - login with username: sss 
22.5.2022, 19:26:49 - INFO - User signup: | {"_id":"628a64496698d4136479a817","username":"sss","fullname":"sss","imgUrl":null,"score":100} 
22.5.2022, 19:26:49 - INFO - Setting socket.userId = 628a64496698d4136479a817 for socket [id: EGLlQOtR_l4kKkw-AAAB] 
22.5.2022, 20:30:59 - INFO - Socket disconnected [id: undefined] 
22.5.2022, 22:05:03 - INFO - New connected socket [id: P7YzFSaCoK6jpTnLAAAD] 
22.5.2022, 23:35:02 - INFO - Socket disconnected [id: undefined] 
23.5.2022, 8:31:33 - INFO - New connected socket [id: ARnmaT83eztT3JcDAAAF] 
23.5.2022, 9:23:20 - INFO - Socket disconnected [id: undefined] 
23.5.2022, 9:23:48 - INFO - New connected socket [id: _DN4ltQ_1AXraUEzAAAH] 
23.5.2022, 14:16:43 - INFO - Socket disconnected [id: undefined] 
23.5.2022, 14:16:44 - INFO - New connected socket [id: RkPk8Mv6dpo8lKRHAAAJ] 
23.5.2022, 14:16:44 - INFO - Setting socket.userId = 628a64496698d4136479a817 for socket [id: RkPk8Mv6dpo8lKRHAAAJ] 
30.5.2022, 18:53:19 - INFO - Server is running on port: 3030 
30.5.2022, 18:55:05 - INFO - Server is running on port: 3030 
30.5.2022, 19:17:48 - INFO - Server is running on port: 3030 
30.5.2022, 19:23:54 - ERROR - cannot find users | Error: Argument passed in must be a single String of 12 bytes or a string of 24 hex characters 
30.5.2022, 19:23:54 - ERROR - Failed to get users | Error: Argument passed in must be a single String of 12 bytes or a string of 24 hex characters 
30.5.2022, 19:23:55 - ERROR - cannot find users | Error: Argument passed in must be a single String of 12 bytes or a string of 24 hex characters 
30.5.2022, 19:23:55 - ERROR - Failed to get users | Error: Argument passed in must be a single String of 12 bytes or a string of 24 hex characters 
30.5.2022, 19:23:56 - ERROR - cannot find users | Error: Argument passed in must be a single String of 12 bytes or a string of 24 hex characters 
30.5.2022, 19:23:56 - ERROR - Failed to get users | Error: Argument passed in must be a single String of 12 bytes or a string of 24 hex characters 
30.5.2022, 20:16:59 - INFO - Server is running on port: 3030 
30.5.2022, 20:17:00 - INFO - Server is running on port: 3030 
30.5.2022, 20:26:19 - INFO - Server is running on port: 3030 
30.5.2022, 20:36:37 - INFO - Server is running on port: 3030 
30.5.2022, 20:36:49 - INFO - Server is running on port: 3030 
30.5.2022, 20:36:57 - INFO - Server is running on port: 3030 
30.5.2022, 20:36:58 - INFO - Server is running on port: 3030 
30.5.2022, 20:37:03 - INFO - Server is running on port: 3030 
30.5.2022, 20:37:23 - INFO - Server is running on port: 3030 
30.5.2022, 20:37:33 - INFO - Server is running on port: 3030 
30.5.2022, 20:37:37 - INFO - Server is running on port: 3030 
30.5.2022, 20:41:27 - INFO - Server is running on port: 3030 
30.5.2022, 20:43:27 - INFO - Server is running on port: 3030 
30.5.2022, 20:43:49 - INFO - Server is running on port: 3030 
30.5.2022, 20:43:54 - INFO - Server is running on port: 3030 
30.5.2022, 20:44:06 - INFO - Server is running on port: 3030 
30.5.2022, 20:45:09 - INFO - Server is running on port: 3030 
30.5.2022, 20:45:57 - INFO - Server is running on port: 3030 
30.5.2022, 20:46:07 - INFO - Server is running on port: 3030 
30.5.2022, 20:46:14 - INFO - Server is running on port: 3030 
30.5.2022, 20:46:38 - INFO - Server is running on port: 3030 
30.5.2022, 20:46:41 - INFO - Server is running on port: 3030 
30.5.2022, 20:48:55 - ERROR - Cannot get reviews | TypeError: Converting circular structure to JSON
    --> starting at object with constructor 'NativeTopology'
    |     property 's' -> object with constructor 'Object'
    |     property 'sessionPool' -> object with constructor 'ServerSessionPool'
    --- property 'topology' closes the circle 
30.5.2022, 20:48:57 - ERROR - Cannot get reviews | TypeError: Converting circular structure to JSON
    --> starting at object with constructor 'NativeTopology'
    |     property 's' -> object with constructor 'Object'
    |     property 'sessionPool' -> object with constructor 'ServerSessionPool'
    --- property 'topology' closes the circle 
30.5.2022, 20:49:12 - INFO - Server is running on port: 3030 
30.5.2022, 20:49:15 - ERROR - Cannot get stays | TypeError: Converting circular structure to JSON
    --> starting at object with constructor 'NativeTopology'
    |     property 's' -> object with constructor 'Object'
    |     property 'sessionPool' -> object with constructor 'ServerSessionPool'
    --- property 'topology' closes the circle 
30.5.2022, 20:49:16 - ERROR - Cannot get stays | TypeError: Converting circular structure to JSON
    --> starting at object with constructor 'NativeTopology'
    |     property 's' -> object with constructor 'Object'
    |     property 'sessionPool' -> object with constructor 'ServerSessionPool'
    --- property 'topology' closes the circle 
30.5.2022, 20:49:17 - ERROR - Cannot get stays | TypeError: Converting circular structure to JSON
    --> starting at object with constructor 'NativeTopology'
    |     property 's' -> object with constructor 'Object'
    |     property 'sessionPool' -> object with constructor 'ServerSessionPool'
    --- property 'topology' closes the circle 
30.5.2022, 20:49:24 - INFO - Server is running on port: 3030 
30.5.2022, 20:49:24 - ERROR - Cannot get stays | TypeError: Converting circular structure to JSON
    --> starting at object with constructor 'NativeTopology'
    |     property 's' -> object with constructor 'Object'
    |     property 'sessionPool' -> object with constructor 'ServerSessionPool'
    --- property 'topology' closes the circle 
30.5.2022, 20:49:25 - ERROR - Cannot get stays | TypeError: Converting circular structure to JSON
    --> starting at object with constructor 'NativeTopology'
    |     property 's' -> object with constructor 'Object'
    |     property 'sessionPool' -> object with constructor 'ServerSessionPool'
    --- property 'topology' closes the circle 
30.5.2022, 20:49:36 - INFO - Server is running on port: 3030 
30.5.2022, 20:49:36 - ERROR - Cannot get stays | TypeError: Converting circular structure to JSON
    --> starting at object with constructor 'NativeTopology'
    |     property 's' -> object with constructor 'Object'
    |     property 'sessionPool' -> object with constructor 'ServerSessionPool'
    --- property 'topology' closes the circle 
30.5.2022, 20:51:46 - ERROR - Cannot get stays | TypeError: Converting circular structure to JSON
    --> starting at object with constructor 'NativeTopology'
    |     property 's' -> object with constructor 'Object'
    |     property 'sessionPool' -> object with constructor 'ServerSessionPool'
    --- property 'topology' closes the circle 
30.5.2022, 20:51:47 - ERROR - Cannot get stays | TypeError: Converting circular structure to JSON
    --> starting at object with constructor 'NativeTopology'
    |     property 's' -> object with constructor 'Object'
    |     property 'sessionPool' -> object with constructor 'ServerSessionPool'
    --- property 'topology' closes the circle 
30.5.2022, 23:08:14 - ERROR - Cannot get stays | TypeError: Converting circular structure to JSON
    --> starting at object with constructor 'NativeTopology'
    |     property 's' -> object with constructor 'Object'
    |     property 'sessionPool' -> object with constructor 'ServerSessionPool'
    --- property 'topology' closes the circle 
30.5.2022, 23:08:15 - ERROR - Cannot get stays | TypeError: Converting circular structure to JSON
    --> starting at object with constructor 'NativeTopology'
    |     property 's' -> object with constructor 'Object'
    |     property 'sessionPool' -> object with constructor 'ServerSessionPool'
    --- property 'topology' closes the circle 
30.5.2022, 23:09:11 - INFO - Server is running on port: 3030 
30.5.2022, 23:09:11 - ERROR - Cannot get stays | TypeError: Converting circular structure to JSON
    --> starting at object with constructor 'NativeTopology'
    |     property 's' -> object with constructor 'Object'
    |     property 'sessionPool' -> object with constructor 'ServerSessionPool'
    --- property 'topology' closes the circle 
30.5.2022, 23:11:04 - INFO - Server is running on port: 3030 
30.5.2022, 23:11:08 - INFO - Server is running on port: 3030 
30.5.2022, 23:11:13 - INFO - Server is running on port: 3030 
30.5.2022, 23:11:16 - INFO - Server is running on port: 3030 
30.5.2022, 23:12:10 - INFO - Server is running on port: 3030 
30.5.2022, 23:12:16 - INFO - Server is running on port: 3030 
30.5.2022, 23:13:45 - INFO - Server is running on port: 3030 
30.5.2022, 23:13:48 - INFO - Server is running on port: 3030 
30.5.2022, 23:13:48 - ERROR - Cannot get stays | TypeError: Converting circular structure to JSON
    --> starting at object with constructor 'NativeTopology'
    |     property 's' -> object with constructor 'Object'
    |     property 'sessionPool' -> object with constructor 'ServerSessionPool'
    --- property 'topology' closes the circle 
30.5.2022, 23:13:49 - ERROR - Cannot get stays | TypeError: Converting circular structure to JSON
    --> starting at object with constructor 'NativeTopology'
    |     property 's' -> object with constructor 'Object'
    |     property 'sessionPool' -> object with constructor 'ServerSessionPool'
    --- property 'topology' closes the circle 
30.5.2022, 23:14:33 - ERROR - Cannot get stays | TypeError: Converting circular structure to JSON
    --> starting at object with constructor 'NativeTopology'
    |     property 's' -> object with constructor 'Object'
    |     property 'sessionPool' -> object with constructor 'ServerSessionPool'
    --- property 'topology' closes the circle 
30.5.2022, 23:15:58 - INFO - Server is running on port: 3030 
30.5.2022, 23:16:00 - INFO - Server is running on port: 3030 
30.5.2022, 23:16:05 - ERROR - Cannot get stays | TypeError: Converting circular structure to JSON
    --> starting at object with constructor 'NativeTopology'
    |     property 's' -> object with constructor 'Object'
    |     property 'sessionPool' -> object with constructor 'ServerSessionPool'
    --- property 'topology' closes the circle 
30.5.2022, 23:24:17 - ERROR - Cannot get stays | TypeError: Converting circular structure to JSON
    --> starting at object with constructor 'NativeTopology'
    |     property 's' -> object with constructor 'Object'
    |     property 'sessionPool' -> object with constructor 'ServerSessionPool'
    --- property 'topology' closes the circle 
30.5.2022, 23:24:19 - ERROR - Cannot get stays | TypeError: Converting circular structure to JSON
    --> starting at object with constructor 'NativeTopology'
    |     property 's' -> object with constructor 'Object'
    |     property 'sessionPool' -> object with constructor 'ServerSessionPool'
    --- property 'topology' closes the circle 
30.5.2022, 23:51:43 - ERROR - Cannot get stays | TypeError: Converting circular structure to JSON
    --> starting at object with constructor 'NativeTopology'
    |     property 's' -> object with constructor 'Object'
    |     property 'sessionPool' -> object with constructor 'ServerSessionPool'
    --- property 'topology' closes the circle 
30.5.2022, 23:54:54 - ERROR - Cannot get stays | TypeError: Converting circular structure to JSON
    --> starting at object with constructor 'NativeTopology'
    |     property 's' -> object with constructor 'Object'
    |     property 'sessionPool' -> object with constructor 'ServerSessionPool'
    --- property 'topology' closes the circle 
30.5.2022, 23:56:40 - INFO - Server is running on port: 3030 
30.5.2022, 23:56:48 - ERROR - Cannot get stays | TypeError: Converting circular structure to JSON
    --> starting at object with constructor 'NativeTopology'
    |     property 's' -> object with constructor 'Object'
    |     property 'sessionPool' -> object with constructor 'ServerSessionPool'
    --- property 'topology' closes the circle 
30.5.2022, 23:57:12 - INFO - Server is running on port: 3030 
30.5.2022, 23:57:15 - ERROR - Cannot get stays | TypeError: Converting circular structure to JSON
    --> starting at object with constructor 'NativeTopology'
    |     property 's' -> object with constructor 'Object'
    |     property 'sessionPool' -> object with constructor 'ServerSessionPool'
    --- property 'topology' closes the circle 
30.5.2022, 23:57:55 - INFO - Server is running on port: 3030 
31.5.2022, 0:11:15 - ERROR - Cannot get stays | TypeError: Converting circular structure to JSON
    --> starting at object with constructor 'NativeTopology'
    |     property 's' -> object with constructor 'Object'
    |     property 'sessionPool' -> object with constructor 'ServerSessionPool'
    --- property 'topology' closes the circle 
31.5.2022, 9:23:04 - INFO - Server is running on port: 3030 
31.5.2022, 11:12:32 - INFO - Server is running on port: 3030 
31.5.2022, 11:22:05 - ERROR - Cannot get stays | TypeError: Converting circular structure to JSON
    --> starting at object with constructor 'NativeTopology'
    |     property 's' -> object with constructor 'Object'
    |     property 'sessionPool' -> object with constructor 'ServerSessionPool'
    --- property 'topology' closes the circle 
31.5.2022, 11:27:04 - INFO - Server is running on port: 3030 
31.5.2022, 11:30:13 - INFO - Server is running on port: 3030 
31.5.2022, 11:30:53 - ERROR - Cannot get stays | TypeError: Converting circular structure to JSON
    --> starting at object with constructor 'NativeTopology'
    |     property 's' -> object with constructor 'Object'
    |     property 'sessionPool' -> object with constructor 'ServerSessionPool'
    --- property 'topology' closes the circle 
31.5.2022, 11:30:54 - ERROR - Cannot get stays | TypeError: Converting circular structure to JSON
    --> starting at object with constructor 'NativeTopology'
    |     property 's' -> object with constructor 'Object'
    |     property 'sessionPool' -> object with constructor 'ServerSessionPool'
    --- property 'topology' closes the circle 
31.5.2022, 11:40:16 - INFO - Server is running on port: 3030 
31.5.2022, 11:43:03 - INFO - Server is running on port: 3030 
31.5.2022, 11:43:10 - INFO - Server is running on port: 3030 
31.5.2022, 11:43:13 - INFO - Server is running on port: 3030 
31.5.2022, 11:43:23 - INFO - Server is running on port: 3030 
31.5.2022, 11:43:28 - INFO - Server is running on port: 3030 
31.5.2022, 13:35:25 - INFO - Server is running on port: 3030 
31.5.2022, 13:35:29 - INFO - Server is running on port: 3030 
1.6.2022, 10:05:48 - INFO - Server is running on port: 3030 
1.6.2022, 10:06:00 - INFO - Server is running on port: 3030 
1.6.2022, 10:06:02 - INFO - Server is running on port: 3030 
1.6.2022, 10:06:04 - INFO - Server is running on port: 3030 
1.6.2022, 10:06:11 - INFO - Server is running on port: 3030 
1.6.2022, 10:06:29 - INFO - Server is running on port: 3030 
1.6.2022, 10:06:34 - INFO - Server is running on port: 3030 
1.6.2022, 10:06:41 - INFO - Server is running on port: 3030 
1.6.2022, 10:06:46 - INFO - Server is running on port: 3030 
1.6.2022, 10:07:11 - INFO - Server is running on port: 3030 
1.6.2022, 10:07:17 - INFO - Server is running on port: 3030 
1.6.2022, 10:08:00 - INFO - Server is running on port: 3030 
1.6.2022, 10:08:03 - INFO - Server is running on port: 3030 
1.6.2022, 10:08:13 - INFO - Server is running on port: 3030 
1.6.2022, 10:15:25 - INFO - Server is running on port: 3030 
1.6.2022, 10:15:30 - INFO - Server is running on port: 3030 
1.6.2022, 10:15:32 - INFO - Server is running on port: 3030 
1.6.2022, 10:15:37 - INFO - Server is running on port: 3030 
1.6.2022, 10:15:42 - INFO - Server is running on port: 3030 
1.6.2022, 11:05:08 - INFO - Server is running on port: 3030 
1.6.2022, 11:14:34 - INFO - Server is running on port: 3030 
1.6.2022, 11:14:48 - INFO - Server is running on port: 3030 
1.6.2022, 11:14:52 - INFO - Server is running on port: 3030 
1.6.2022, 11:14:53 - INFO - Server is running on port: 3030 
1.6.2022, 11:15:20 - INFO - Server is running on port: 3030 
1.6.2022, 11:15:25 - INFO - Server is running on port: 3030 
1.6.2022, 11:15:28 - INFO - Server is running on port: 3030 
1.6.2022, 11:15:34 - INFO - Server is running on port: 3030 
1.6.2022, 11:15:45 - INFO - Server is running on port: 3030 
1.6.2022, 11:15:47 - INFO - Server is running on port: 3030 
1.6.2022, 11:15:49 - INFO - Server is running on port: 3030 
1.6.2022, 11:15:56 - INFO - Server is running on port: 3030 
1.6.2022, 11:15:58 - INFO - Server is running on port: 3030 
1.6.2022, 11:18:18 - ERROR - while finding user "6295c8dd7920538dd9f27400" | Error: Argument passed in must be a single String of 12 bytes or a string of 24 hex characters 
1.6.2022, 11:18:18 - ERROR - Failed to get user | Error: Argument passed in must be a single String of 12 bytes or a string of 24 hex characters 
1.6.2022, 11:18:24 - ERROR - while finding user 6295c8dd7920538dd9f27400 | TypeError: Cannot convert undefined or null to object 
1.6.2022, 11:18:24 - ERROR - Failed to get user | TypeError: Cannot convert undefined or null to object 
1.6.2022, 11:19:00 - ERROR - while finding user stayId=6295c8dd7920538dd9f27400 | Error: Argument passed in must be a single String of 12 bytes or a string of 24 hex characters 
1.6.2022, 11:19:00 - ERROR - Failed to get user | Error: Argument passed in must be a single String of 12 bytes or a string of 24 hex characters 
1.6.2022, 11:19:05 - ERROR - while finding user stayId='6295c8dd7920538dd9f27400' | Error: Argument passed in must be a single String of 12 bytes or a string of 24 hex characters 
1.6.2022, 11:19:05 - ERROR - Failed to get user | Error: Argument passed in must be a single String of 12 bytes or a string of 24 hex characters 
1.6.2022, 11:19:06 - ERROR - while finding user stayId='6295c8dd7920538dd9f27400' | Error: Argument passed in must be a single String of 12 bytes or a string of 24 hex characters 
1.6.2022, 11:19:06 - ERROR - Failed to get user | Error: Argument passed in must be a single String of 12 bytes or a string of 24 hex characters 
1.6.2022, 15:33:42 - INFO - Server is running on port: 3030 
1.6.2022, 19:03:30 - INFO - Server is running on port: 3030 
1.6.2022, 19:09:36 - INFO - Server is running on port: 3030 
1.6.2022, 19:18:31 - INFO - Server is running on port: 3030 
1.6.2022, 19:18:49 - INFO - Server is running on port: 3030 
1.6.2022, 19:19:45 - INFO - Server is running on port: 3030 
1.6.2022, 19:20:07 - INFO - Server is running on port: 3030 
1.6.2022, 19:20:34 - INFO - Server is running on port: 3030 
1.6.2022, 19:21:02 - INFO - Server is running on port: 3030 
1.6.2022, 19:21:16 - INFO - Server is running on port: 3030 
1.6.2022, 19:21:28 - INFO - Server is running on port: 3030 
1.6.2022, 15:47:15 - INFO - Server is running on port: 3030 
1.6.2022, 16:03:52 - INFO - Server is running on port: 3030 
1.6.2022, 16:24:50 - INFO - Server is running on port: 3030 
1.6.2022, 16:25:10 - INFO - Server is running on port: 3030 
1.6.2022, 16:25:26 - INFO - Server is running on port: 3030 
1.6.2022, 16:25:50 - INFO - Server is running on port: 3030 
1.6.2022, 17:23:51 - INFO - Server is running on port: 3030 
1.6.2022, 19:28:25 - INFO - Server is running on port: 3030 
1.6.2022, 19:29:27 - INFO - Server is running on port: 3030 
1.6.2022, 19:33:10 - INFO - Server is running on port: 3030 
1.6.2022, 19:49:53 - INFO - Server is running on port: 3030 
1.6.2022, 20:04:40 - INFO - Server is running on port: 3030 
1.6.2022, 20:05:53 - INFO - Server is running on port: 3030 
2.6.2022, 9:34:00 - INFO - Server is running on port: 3030 
2.6.2022, 9:36:39 - INFO - Server is running on port: 3030 
2.6.2022, 9:43:42 - ERROR - cannot find users | Error: Argument passed in must be a single String of 12 bytes or a string of 24 hex characters 
2.6.2022, 9:43:42 - ERROR - Failed to get users | Error: Argument passed in must be a single String of 12 bytes or a string of 24 hex characters 
2.6.2022, 9:44:38 - ERROR - cannot find users | Error: Argument passed in must be a single String of 12 bytes or a string of 24 hex characters 
2.6.2022, 9:44:38 - ERROR - Failed to get users | Error: Argument passed in must be a single String of 12 bytes or a string of 24 hex characters 
2.6.2022, 9:45:36 - INFO - Server is running on port: 3030 
2.6.2022, 9:45:48 - ERROR - cannot find users | Error: Argument passed in must be a single String of 12 bytes or a string of 24 hex characters 
2.6.2022, 9:45:48 - ERROR - Failed to get users | Error: Argument passed in must be a single String of 12 bytes or a string of 24 hex characters 
2.6.2022, 9:46:07 - INFO - Server is running on port: 3030 
2.6.2022, 9:47:02 - ERROR - cannot find users | Error: Argument passed in must be a single String of 12 bytes or a string of 24 hex characters 
2.6.2022, 9:47:02 - ERROR - Failed to get users | Error: Argument passed in must be a single String of 12 bytes or a string of 24 hex characters 
2.6.2022, 9:47:27 - ERROR - cannot find users | Error: Argument passed in must be a single String of 12 bytes or a string of 24 hex characters 
2.6.2022, 9:47:27 - ERROR - Failed to get users | Error: Argument passed in must be a single String of 12 bytes or a string of 24 hex characters 
2.6.2022, 9:47:37 - INFO - Server is running on port: 3030 
2.6.2022, 9:49:59 - INFO - Server is running on port: 3030 
2.6.2022, 9:50:00 - INFO - Server is running on port: 3030 
2.6.2022, 9:50:02 - INFO - Server is running on port: 3030 
2.6.2022, 9:50:10 - ERROR - cannot find users | Error: Argument passed in must be a single String of 12 bytes or a string of 24 hex characters 
2.6.2022, 9:50:10 - ERROR - Failed to get users | Error: Argument passed in must be a single String of 12 bytes or a string of 24 hex characters 
2.6.2022, 9:50:27 - INFO - Server is running on port: 3030 
2.6.2022, 9:50:38 - DEBUG - auth.service - login with username: uri 
2.6.2022, 9:50:41 - ERROR - Failed to Login Invalid username or password 
2.6.2022, 9:50:44 - DEBUG - auth.service - signup with username: uri, fullname: uri 
2.6.2022, 9:50:44 - DEBUG - auth.route - new account created: {"username":"uri","password":"$2b$10$XpL9XedSF4WGgjzciYEVfOh5QYqReHDfVaTlUcuBhsJ8Wx1Eel/gW","fullname":"uri","createdAt":1654152644435,"_id":"62985dc421b85b3194c9f32c"} 
2.6.2022, 9:50:44 - DEBUG - auth.service - login with username: uri 
2.6.2022, 9:50:44 - INFO - User signup: | {"_id":"62985dc421b85b3194c9f32c","username":"uri","fullname":"uri","imgUrl":null,"createdAt":1654152644435} 
2.6.2022, 9:50:47 - DEBUG - auth.service - login with username: uri (userId: 62985dc421b85b3194c9f32c)
2.6.2022, 9:50:47 - INFO - User login:  | {"_id":"62985dc421b85b3194c9f32c","username":"uri","fullname":"uri","imgUrl":null,"createdAt":1654152644435} (userId: 62985dc421b85b3194c9f32c)
2.6.2022, 9:50:52 - DEBUG - auth.service - login with username: uri 
2.6.2022, 9:50:52 - INFO - User login:  | {"_id":"62985dc421b85b3194c9f32c","username":"uri","fullname":"uri","imgUrl":null,"createdAt":1654152644435} 
2.6.2022, 9:51:19 - ERROR - while finding stay 622f337a75c7d36e498aaaff9 | Error: Argument passed in must be a single String of 12 bytes or a string of 24 hex characters (userId: 62985dc421b85b3194c9f32c)
2.6.2022, 9:51:19 - ERROR - Failed to get stay | Error: Argument passed in must be a single String of 12 bytes or a string of 24 hex characters (userId: 62985dc421b85b3194c9f32c)
2.6.2022, 9:51:33 - ERROR - while finding stay "622f337a75c7d36e498aaaff9"  | Error: Argument passed in must be a single String of 12 bytes or a string of 24 hex characters (userId: 62985dc421b85b3194c9f32c)
2.6.2022, 9:51:33 - ERROR - Failed to get stay | Error: Argument passed in must be a single String of 12 bytes or a string of 24 hex characters (userId: 62985dc421b85b3194c9f32c)
2.6.2022, 9:53:40 - INFO - Server is running on port: 3030 
2.6.2022, 9:53:46 - ERROR - while finding stay "622f337a75c7d36e498aaaff9"  | Error: Argument passed in must be a single String of 12 bytes or a string of 24 hex characters (userId: 62985dc421b85b3194c9f32c)
2.6.2022, 9:53:46 - ERROR - Failed to get stay | Error: Argument passed in must be a single String of 12 bytes or a string of 24 hex characters (userId: 62985dc421b85b3194c9f32c)
2.6.2022, 9:54:07 - ERROR - while finding stay 622f337a75c7d36e498aaaff9" | Error: Argument passed in must be a single String of 12 bytes or a string of 24 hex characters (userId: 62985dc421b85b3194c9f32c)
2.6.2022, 9:54:07 - ERROR - Failed to get stay | Error: Argument passed in must be a single String of 12 bytes or a string of 24 hex characters (userId: 62985dc421b85b3194c9f32c)
2.6.2022, 9:54:12 - ERROR - while finding stay 622f337a75c7d36e498aaaff9 | Error: Argument passed in must be a single String of 12 bytes or a string of 24 hex characters (userId: 62985dc421b85b3194c9f32c)
2.6.2022, 9:54:12 - ERROR - Failed to get stay | Error: Argument passed in must be a single String of 12 bytes or a string of 24 hex characters (userId: 62985dc421b85b3194c9f32c)
2.6.2022, 9:54:14 - ERROR - while finding stay 622f337a75c7d36e498aaaff9 | Error: Argument passed in must be a single String of 12 bytes or a string of 24 hex characters (userId: 62985dc421b85b3194c9f32c)
2.6.2022, 9:54:14 - ERROR - Failed to get stay | Error: Argument passed in must be a single String of 12 bytes or a string of 24 hex characters (userId: 62985dc421b85b3194c9f32c)
2.6.2022, 9:54:27 - ERROR - while finding stay 622f337a75c7d36e498aaaff9 | Error: Argument passed in must be a single String of 12 bytes or a string of 24 hex characters (userId: 62985dc421b85b3194c9f32c)
2.6.2022, 9:54:27 - ERROR - Failed to get stay | Error: Argument passed in must be a single String of 12 bytes or a string of 24 hex characters (userId: 62985dc421b85b3194c9f32c)
2.6.2022, 9:54:38 - INFO - Server is running on port: 3030 
2.6.2022, 9:55:09 - ERROR - while finding stay 622f337a75c7d36e498aaaff9 | Error: Argument passed in must be a single String of 12 bytes or a string of 24 hex characters (userId: 62985dc421b85b3194c9f32c)
2.6.2022, 9:55:09 - ERROR - Failed to get stay | Error: Argument passed in must be a single String of 12 bytes or a string of 24 hex characters (userId: 62985dc421b85b3194c9f32c)
2.6.2022, 9:56:00 - INFO - Server is running on port: 3030 
2.6.2022, 9:56:06 - ERROR - while finding stay 622f337a75c7d36e498aaaff9 | Error: Argument passed in must be a single String of 12 bytes or a string of 24 hex characters (userId: 62985dc421b85b3194c9f32c)
2.6.2022, 9:56:06 - ERROR - Failed to get stay | Error: Argument passed in must be a single String of 12 bytes or a string of 24 hex characters (userId: 62985dc421b85b3194c9f32c)
2.6.2022, 9:56:20 - INFO - Server is running on port: 3030 
2.6.2022, 9:56:22 - INFO - Server is running on port: 3030 
2.6.2022, 9:56:28 - ERROR - while finding stay 622f337a75c7d36e498aaaff9 | Error: Argument passed in must be a single String of 12 bytes or a string of 24 hex characters (userId: 62985dc421b85b3194c9f32c)
2.6.2022, 9:56:28 - ERROR - Failed to get stay | Error: Argument passed in must be a single String of 12 bytes or a string of 24 hex characters (userId: 62985dc421b85b3194c9f32c)
2.6.2022, 9:56:51 - INFO - Server is running on port: 3030 
2.6.2022, 9:56:54 - INFO - Server is running on port: 3030 
2.6.2022, 9:56:56 - INFO - Server is running on port: 3030 
2.6.2022, 9:56:59 - INFO - Server is running on port: 3030 
2.6.2022, 9:57:10 - ERROR - while finding stay 622f337a75c7d36e498aaaff9 | Error: Argument passed in must be a single String of 12 bytes or a string of 24 hex characters (userId: 62985dc421b85b3194c9f32c)
2.6.2022, 9:57:10 - ERROR - Failed to get stay | Error: Argument passed in must be a single String of 12 bytes or a string of 24 hex characters (userId: 62985dc421b85b3194c9f32c)
2.6.2022, 9:58:27 - INFO - Server is running on port: 3030 
2.6.2022, 9:59:14 - ERROR - cannot find users | Error: Argument passed in must be a single String of 12 bytes or a string of 24 hex characters (userId: 62985dc421b85b3194c9f32c)
2.6.2022, 9:59:14 - ERROR - Failed to get users | Error: Argument passed in must be a single String of 12 bytes or a string of 24 hex characters (userId: 62985dc421b85b3194c9f32c)
2.6.2022, 10:01:27 - INFO - Server is running on port: 3030 
2.6.2022, 10:01:36 - ERROR - cannot find users | Error: Argument passed in must be a single String of 12 bytes or a string of 24 hex characters (userId: 62985dc421b85b3194c9f32c)
2.6.2022, 10:01:36 - ERROR - Failed to get users | Error: Argument passed in must be a single String of 12 bytes or a string of 24 hex characters (userId: 62985dc421b85b3194c9f32c)
2.6.2022, 10:02:33 - INFO - Server is running on port: 3030 
2.6.2022, 10:02:35 - INFO - Server is running on port: 3030 
2.6.2022, 10:02:47 - ERROR - cannot find users | Error: Argument passed in must be a single String of 12 bytes or a string of 24 hex characters (userId: 62985dc421b85b3194c9f32c)
2.6.2022, 10:02:47 - ERROR - Failed to get users | Error: Argument passed in must be a single String of 12 bytes or a string of 24 hex characters (userId: 62985dc421b85b3194c9f32c)
2.6.2022, 10:04:00 - INFO - Server is running on port: 3030 
2.6.2022, 10:04:35 - INFO - Server is running on port: 3030 
2.6.2022, 10:04:46 - ERROR - cannot find users | Error: Argument passed in must be a single String of 12 bytes or a string of 24 hex characters (userId: 62985dc421b85b3194c9f32c)
2.6.2022, 10:04:46 - ERROR - Failed to get users | Error: Argument passed in must be a single String of 12 bytes or a string of 24 hex characters (userId: 62985dc421b85b3194c9f32c)
2.6.2022, 10:05:26 - ERROR - while finding user 622f3401e36c59e6164fab4d | TypeError: Cannot convert undefined or null to object (userId: 62985dc421b85b3194c9f32c)
2.6.2022, 10:05:26 - ERROR - Failed to get user | TypeError: Cannot convert undefined or null to object (userId: 62985dc421b85b3194c9f32c)
2.6.2022, 10:06:33 - INFO - Server is running on port: 3030 
2.6.2022, 10:06:53 - ERROR - while finding user 622f3401e36c59e6164fab4e | TypeError: Cannot convert undefined or null to object (userId: 62985dc421b85b3194c9f32c)
2.6.2022, 10:06:53 - ERROR - Failed to get user | TypeError: Cannot convert undefined or null to object (userId: 62985dc421b85b3194c9f32c)
2.6.2022, 10:07:05 - INFO - Server is running on port: 3030 
2.6.2022, 10:07:15 - ERROR - while finding user 622f3401e36c59e6164fab4e | TypeError: Cannot convert undefined or null to object (userId: 62985dc421b85b3194c9f32c)
2.6.2022, 10:07:15 - ERROR - Failed to get user | TypeError: Cannot convert undefined or null to object (userId: 62985dc421b85b3194c9f32c)
2.6.2022, 10:16:50 - ERROR - Failed to get user | TypeError: Cannot convert undefined or null to object (userId: 62985dc421b85b3194c9f32c)
2.6.2022, 10:16:50 - ERROR - while finding user 622f3401e36c59e6164fab4e | TypeError: Cannot convert undefined or null to object (userId: 62985dc421b85b3194c9f32c)
2.6.2022, 10:17:51 - ERROR - while finding user 622f3401e36c59e6164fab54 | TypeError: Cannot convert undefined or null to object (userId: 62985dc421b85b3194c9f32c)
2.6.2022, 10:17:51 - ERROR - Failed to get user | TypeError: Cannot convert undefined or null to object (userId: 62985dc421b85b3194c9f32c)
2.6.2022, 10:18:26 - INFO - Server is running on port: 3030 
2.6.2022, 10:19:11 - INFO - Server is running on port: 3030 
2.6.2022, 10:19:32 - INFO - Server is running on port: 3030 
2.6.2022, 10:19:38 - INFO - Server is running on port: 3030 
2.6.2022, 10:19:44 - ERROR - while finding user 622f3401e36c59e6164fab54 | TypeError: Cannot convert undefined or null to object (userId: 62985dc421b85b3194c9f32c)
2.6.2022, 10:19:44 - ERROR - Failed to get user | TypeError: Cannot convert undefined or null to object (userId: 62985dc421b85b3194c9f32c)
2.6.2022, 10:20:18 - INFO - Server is running on port: 3030 
2.6.2022, 10:20:19 - INFO - Server is running on port: 3030 
2.6.2022, 10:20:50 - INFO - Server is running on port: 3030 
2.6.2022, 10:20:53 - INFO - Server is running on port: 3030 
2.6.2022, 10:21:06 - INFO - Server is running on port: 3030 
2.6.2022, 10:21:14 - ERROR - while finding user 622f3401e36c59e6164fab54 | TypeError: Cannot convert undefined or null to object (userId: 62985dc421b85b3194c9f32c)
2.6.2022, 10:21:14 - ERROR - Failed to get user | TypeError: Cannot convert undefined or null to object (userId: 62985dc421b85b3194c9f32c)
2.6.2022, 10:22:00 - ERROR - while finding stay 622f337a75c7d36e498aaaff9 | Error: Argument passed in must be a single String of 12 bytes or a string of 24 hex characters (userId: 62985dc421b85b3194c9f32c)
2.6.2022, 10:22:00 - ERROR - Failed to get stay | Error: Argument passed in must be a single String of 12 bytes or a string of 24 hex characters (userId: 62985dc421b85b3194c9f32c)
2.6.2022, 10:22:11 - ERROR - while finding stay 622f337a75c7d36e498aaaff9 | Error: Argument passed in must be a single String of 12 bytes or a string of 24 hex characters (userId: 62985dc421b85b3194c9f32c)
2.6.2022, 10:22:11 - ERROR - Failed to get stay | Error: Argument passed in must be a single String of 12 bytes or a string of 24 hex characters (userId: 62985dc421b85b3194c9f32c)
2.6.2022, 10:22:37 - INFO - Server is running on port: 3030 
2.6.2022, 10:23:44 - INFO - Server is running on port: 3030 
2.6.2022, 10:24:02 - INFO - Server is running on port: 3030 
2.6.2022, 10:24:55 - INFO - Server is running on port: 3030 
2.6.2022, 10:24:57 - INFO - Server is running on port: 3030 
2.6.2022, 10:25:43 - INFO - Server is running on port: 3030 
2.6.2022, 10:25:48 - INFO - Server is running on port: 3030 
2.6.2022, 10:26:05 - INFO - Server is running on port: 3030 
2.6.2022, 10:28:35 - DEBUG - auth.service - signup with username: uri, fullname: uri (userId: 62985dc421b85b3194c9f32c)
2.6.2022, 10:28:38 - DEBUG - auth.route - new account created: {"username":"uri","password":"$2b$10$nivahbD8BHCJN6ysC8RScOkEhuwj1loongmejzhQsLYH4WlGErwOq","fullname":"uri","createdAt":1654154918157,"_id":"629866a653cd4b3120529864"} (userId: 62985dc421b85b3194c9f32c)
2.6.2022, 10:28:38 - DEBUG - auth.service - login with username: uri (userId: 62985dc421b85b3194c9f32c)
2.6.2022, 10:28:38 - INFO - User signup: | {"_id":"629866a653cd4b3120529864","username":"uri","fullname":"uri","imgUrl":null,"createdAt":1654154918157} (userId: 62985dc421b85b3194c9f32c)
2.6.2022, 10:28:43 - DEBUG - auth.service - login with username: uri (userId: 629866a653cd4b3120529864)
2.6.2022, 10:28:44 - INFO - User login:  | {"_id":"629866a653cd4b3120529864","username":"uri","fullname":"uri","imgUrl":null,"createdAt":1654154918157} (userId: 629866a653cd4b3120529864)
2.6.2022, 10:29:03 - ERROR - while finding user 629866a653cd4b3120529864 | TypeError: Cannot convert undefined or null to object (userId: 629866a653cd4b3120529864)
2.6.2022, 10:29:03 - ERROR - Failed to add stay | TypeError: Cannot convert undefined or null to object (userId: 629866a653cd4b3120529864)
2.6.2022, 10:32:34 - INFO - Server is running on port: 3030 
2.6.2022, 10:32:37 - INFO - Server is running on port: 3030 
2.6.2022, 10:32:46 - ERROR - while finding user 629866a653cd4b3120529864 | TypeError: Cannot convert undefined or null to object (userId: 629866a653cd4b3120529864)
2.6.2022, 10:32:46 - ERROR - Failed to add stay | TypeError: Cannot convert undefined or null to object (userId: 629866a653cd4b3120529864)
2.6.2022, 10:33:05 - INFO - Server is running on port: 3030 
2.6.2022, 10:33:12 - ERROR - while finding user 629866a653cd4b3120529864 | TypeError: Cannot convert undefined or null to object (userId: 629866a653cd4b3120529864)
2.6.2022, 10:33:12 - ERROR - Failed to add stay | TypeError: Cannot convert undefined or null to object (userId: 629866a653cd4b3120529864)
2.6.2022, 10:33:29 - DEBUG - auth.service - login with username: uri (userId: 629866a653cd4b3120529864)
2.6.2022, 10:33:29 - INFO - User login:  | {"_id":"629866a653cd4b3120529864","username":"uri","fullname":"uri","imgUrl":null,"createdAt":1654154918157} (userId: 629866a653cd4b3120529864)
2.6.2022, 10:33:36 - ERROR - while finding user 629866a653cd4b3120529864 | TypeError: Cannot convert undefined or null to object (userId: 629866a653cd4b3120529864)
2.6.2022, 10:33:36 - ERROR - Failed to add stay | TypeError: Cannot convert undefined or null to object (userId: 629866a653cd4b3120529864)
2.6.2022, 10:33:55 - ERROR - while finding user 629866a653cd4b3120529864 | TypeError: Cannot convert undefined or null to object (userId: 629866a653cd4b3120529864)
2.6.2022, 10:33:55 - ERROR - Failed to get user | TypeError: Cannot convert undefined or null to object (userId: 629866a653cd4b3120529864)
2.6.2022, 10:34:22 - INFO - Server is running on port: 3030 
2.6.2022, 10:35:00 - DEBUG - auth.service - login with username: uri (userId: 629866a653cd4b3120529864)
2.6.2022, 10:35:03 - INFO - User login:  | {"_id":"629866a653cd4b3120529864","username":"uri","fullname":"uri","imgUrl":null,"createdAt":1654154918157} (userId: 629866a653cd4b3120529864)
2.6.2022, 10:36:27 - INFO - Server is running on port: 3030 
2.6.2022, 10:37:02 - DEBUG - auth.service - signup with username: uri, fullname: uri (userId: 629866a653cd4b3120529864)
2.6.2022, 10:37:05 - ERROR - Failed to signup Username already taken (userId: 629866a653cd4b3120529864)
2.6.2022, 10:37:08 - DEBUG - auth.service - signup with username: uri, fullname: uri (userId: 629866a653cd4b3120529864)
2.6.2022, 10:37:08 - ERROR - Failed to signup Username already taken (userId: 629866a653cd4b3120529864)
2.6.2022, 10:37:12 - DEBUG - auth.service - login with username: uri (userId: 629866a653cd4b3120529864)
2.6.2022, 10:37:12 - INFO - User login:  | {"_id":"629866a653cd4b3120529864","username":"uri","fullname":"uri","imgUrl":null,"createdAt":1654154918157} (userId: 629866a653cd4b3120529864)
2.6.2022, 10:39:53 - INFO - Server is running on port: 3030 
2.6.2022, 10:40:03 - ERROR - while finding user 629866a653cd4b3120529864 | TypeError: Cannot convert undefined or null to object (userId: 629866a653cd4b3120529864)
2.6.2022, 10:40:03 - ERROR - Failed to get user | TypeError: Cannot convert undefined or null to object (userId: 629866a653cd4b3120529864)
2.6.2022, 10:40:11 - DEBUG - auth.service - signup with username: uri, fullname: uri (userId: 629866a653cd4b3120529864)
2.6.2022, 10:40:11 - ERROR - Failed to signup Username already taken (userId: 629866a653cd4b3120529864)
2.6.2022, 10:44:18 - INFO - Server is running on port: 3030 
2.6.2022, 10:44:40 - INFO - Server is running on port: 3030 
2.6.2022, 10:44:42 - INFO - Server is running on port: 3030 
2.6.2022, 10:44:46 - INFO - Server is running on port: 3030 
2.6.2022, 10:44:59 - INFO - Server is running on port: 3030 
2.6.2022, 10:45:02 - INFO - Server is running on port: 3030 
2.6.2022, 10:45:33 - INFO - Server is running on port: 3030 
2.6.2022, 10:46:00 - INFO - Server is running on port: 3030 
2.6.2022, 10:46:07 - INFO - Server is running on port: 3030 
2.6.2022, 10:46:39 - INFO - Server is running on port: 3030 
2.6.2022, 10:46:42 - INFO - Server is running on port: 3030 
2.6.2022, 10:47:00 - INFO - Server is running on port: 3030 
2.6.2022, 10:56:58 - INFO - Server is running on port: 3030 
2.6.2022, 10:57:13 - DEBUG - auth.service - signup with username: uri, fullname: uri (userId: 629866a653cd4b3120529864)
2.6.2022, 10:57:16 - DEBUG - auth.route - new account created: {"username":"uri","password":"$2b$10$cVDPiN9BA0E8nP3AezX10eNdgRxFvUJ2EaMqZYYNJzjRVioJT32TO","fullname":"uri","createdAt":1654156635993,"_id":"62986d5ba7d24616d8b94a4f"} (userId: 629866a653cd4b3120529864)
2.6.2022, 10:57:16 - DEBUG - auth.service - login with username: uri (userId: 629866a653cd4b3120529864)
2.6.2022, 10:57:16 - INFO - User signup: | {"_id":"62986d5ba7d24616d8b94a4f","username":"uri","fullname":"uri","imgUrl":null,"createdAt":1654156635993} (userId: 629866a653cd4b3120529864)
2.6.2022, 10:57:40 - DEBUG - auth.service - login with username: uri 
2.6.2022, 10:57:40 - INFO - User login:  | {"_id":"62986d5ba7d24616d8b94a4f","username":"uri","fullname":"uri","imgUrl":null,"createdAt":1654156635993} 
2.6.2022, 10:59:06 - ERROR - Failed to update stay | ReferenceError: stayId is not defined (userId: 62986d5ba7d24616d8b94a4f)
2.6.2022, 10:59:24 - ERROR - Failed to update stay | ReferenceError: stayId is not defined (userId: 62986d5ba7d24616d8b94a4f)
2.6.2022, 10:59:38 - ERROR - Failed to update stay | ReferenceError: stayId is not defined (userId: 62986d5ba7d24616d8b94a4f)
2.6.2022, 10:59:57 - INFO - Server is running on port: 3030 
2.6.2022, 11:02:25 - INFO - Server is running on port: 3030 
2.6.2022, 11:02:31 - INFO - Server is running on port: 3030 
2.6.2022, 11:02:33 - INFO - Server is running on port: 3030 
2.6.2022, 11:02:36 - INFO - Server is running on port: 3030 
2.6.2022, 11:02:42 - INFO - Server is running on port: 3030 
2.6.2022, 11:02:46 - INFO - Server is running on port: 3030 
2.6.2022, 11:02:49 - INFO - Server is running on port: 3030 
2.6.2022, 11:03:58 - INFO - Server is running on port: 3030 
2.6.2022, 11:04:21 - INFO - Server is running on port: 3030 
2.6.2022, 11:04:42 - INFO - Server is running on port: 3030 
2.6.2022, 11:05:59 - INFO - Server is running on port: 3030 
2.6.2022, 11:06:01 - INFO - Server is running on port: 3030 
2.6.2022, 11:06:03 - INFO - Server is running on port: 3030 
2.6.2022, 11:09:23 - INFO - Server is running on port: 3030 
2.6.2022, 11:09:33 - INFO - Server is running on port: 3030 
2.6.2022, 11:09:37 - INFO - Server is running on port: 3030 
2.6.2022, 11:09:48 - INFO - Server is running on port: 3030 
2.6.2022, 11:09:49 - INFO - Server is running on port: 3030 
2.6.2022, 11:09:50 - INFO - Server is running on port: 3030 
2.6.2022, 11:10:26 - INFO - Server is running on port: 3030 
2.6.2022, 11:10:34 - INFO - Server is running on port: 3030 
2.6.2022, 11:11:00 - INFO - Server is running on port: 3030 
2.6.2022, 11:12:25 - ERROR - cannot remove review 629870aca1063e2df0a74ab8 | ReferenceError: stay is not defined (userId: 62986d5ba7d24616d8b94a4f)
2.6.2022, 11:12:25 - ERROR - Failed to delete stay | ReferenceError: stay is not defined (userId: 62986d5ba7d24616d8b94a4f)
2.6.2022, 11:12:55 - INFO - Server is running on port: 3030 
2.6.2022, 11:12:58 - INFO - Server is running on port: 3030 
2.6.2022, 11:13:02 - INFO - Server is running on port: 3030 
2.6.2022, 11:13:03 - INFO - Server is running on port: 3030 
2.6.2022, 11:13:08 - INFO - Server is running on port: 3030 
2.6.2022, 11:28:43 - INFO - Server is running on port: 3030 
2.6.2022, 11:29:34 - ERROR - while finding user 629870aca1063e2df0a74ab8 | TypeError: Cannot convert undefined or null to object (userId: 62986d5ba7d24616d8b94a4f)
2.6.2022, 11:29:34 - ERROR - Failed to get user | TypeError: Cannot convert undefined or null to object (userId: 62986d5ba7d24616d8b94a4f)
2.6.2022, 11:29:38 - DEBUG - auth.service - login with username: uri (userId: 62986d5ba7d24616d8b94a4f)
2.6.2022, 11:29:38 - INFO - User login:  | {"_id":"62986d5ba7d24616d8b94a4f","username":"uri","fullname":"uri","imgUrl":null,"createdAt":1654156635993} (userId: 62986d5ba7d24616d8b94a4f)
2.6.2022, 11:38:26 - INFO - Server is running on port: 3030 
2.6.2022, 11:42:29 - INFO - Server is running on port: 3030 
2.6.2022, 11:42:35 - INFO - Server is running on port: 3030 
2.6.2022, 11:44:05 - INFO - Server is running on port: 3030 
2.6.2022, 11:44:08 - INFO - Server is running on port: 3030 
2.6.2022, 11:44:10 - INFO - Server is running on port: 3030 
2.6.2022, 11:44:19 - INFO - Server is running on port: 3030 
2.6.2022, 11:44:46 - INFO - Server is running on port: 3030 
2.6.2022, 11:52:10 - INFO - Server is running on port: 3030 
2.6.2022, 11:52:39 - INFO - Server is running on port: 3030 
2.6.2022, 11:52:45 - INFO - Server is running on port: 3030 
2.6.2022, 11:52:51 - INFO - Server is running on port: 3030 
2.6.2022, 11:54:42 - WARN - uriattempted to perform admin action (userId: 62986d5ba7d24616d8b94a4f)
2.6.2022, 11:54:55 - WARN - uriattempted to perform admin action (userId: 62986d5ba7d24616d8b94a4f)
2.6.2022, 11:55:01 - DEBUG - auth.service - login with username: uri (userId: 62986d5ba7d24616d8b94a4f)
2.6.2022, 11:55:01 - INFO - User login:  | {"_id":"62986d5ba7d24616d8b94a4f","username":"uri","fullname":"uri","imgUrl":null,"createdAt":1654156635993} (userId: 62986d5ba7d24616d8b94a4f)
2.6.2022, 11:55:54 - DEBUG - auth.service - login with username: uri (userId: 62986d5ba7d24616d8b94a4f)
2.6.2022, 11:55:54 - INFO - User login:  | {"_id":"62986d5ba7d24616d8b94a4f","username":"uri","fullname":"uri","imgUrl":"aasdsa","createdAt":1654156635993,"isAdmin":true} (userId: 62986d5ba7d24616d8b94a4f)
2.6.2022, 11:56:02 - DEBUG - auth.service - signup with username: uri, fullname: uri (userId: 62986d5ba7d24616d8b94a4f)
2.6.2022, 11:56:02 - ERROR - Failed to signup Username already taken (userId: 62986d5ba7d24616d8b94a4f)
2.6.2022, 11:56:03 - DEBUG - auth.service - signup with username: uri, fullname: uri (userId: 62986d5ba7d24616d8b94a4f)
2.6.2022, 11:56:03 - ERROR - Failed to signup Username already taken (userId: 62986d5ba7d24616d8b94a4f)
2.6.2022, 11:56:05 - DEBUG - auth.service - login with username: uri (userId: 62986d5ba7d24616d8b94a4f)
2.6.2022, 11:56:06 - INFO - User login:  | {"_id":"62986d5ba7d24616d8b94a4f","username":"uri","fullname":"uri","imgUrl":"aasdsa","createdAt":1654156635993,"isAdmin":true} (userId: 62986d5ba7d24616d8b94a4f)
2.6.2022, 12:00:25 - INFO - Server is running on port: 3030 
2.6.2022, 12:02:07 - INFO - Server is running on port: 3030 
2.6.2022, 12:02:08 - INFO - Server is running on port: 3030 
2.6.2022, 12:02:53 - INFO - Server is running on port: 3030 
2.6.2022, 12:03:14 - INFO - Server is running on port: 3030 
2.6.2022, 12:03:19 - INFO - Server is running on port: 3030 
2.6.2022, 12:03:23 - INFO - Server is running on port: 3030 
2.6.2022, 12:03:24 - INFO - Server is running on port: 3030 
2.6.2022, 12:03:34 - INFO - Server is running on port: 3030 
2.6.2022, 12:03:38 - INFO - Server is running on port: 3030 
2.6.2022, 12:03:39 - INFO - Server is running on port: 3030 
2.6.2022, 12:04:07 - INFO - Server is running on port: 3030 
2.6.2022, 12:04:40 - INFO - Server is running on port: 3030 
2.6.2022, 12:04:51 - INFO - Server is running on port: 3030 
2.6.2022, 12:11:26 - INFO - Server is running on port: 3030 
2.6.2022, 12:11:29 - INFO - Server is running on port: 3030 
2.6.2022, 12:12:32 - INFO - Server is running on port: 3030 
2.6.2022, 12:12:34 - INFO - Server is running on port: 3030 
2.6.2022, 12:12:35 - INFO - Server is running on port: 3030 
2.6.2022, 12:12:39 - INFO - Server is running on port: 3030 
2.6.2022, 12:12:40 - INFO - Server is running on port: 3030 
2.6.2022, 12:12:44 - INFO - Server is running on port: 3030 
2.6.2022, 12:13:23 - INFO - Server is running on port: 3030 
2.6.2022, 12:14:00 - INFO - Server is running on port: 3030 
2.6.2022, 12:14:22 - INFO - Server is running on port: 3030 
2.6.2022, 12:14:23 - INFO - Server is running on port: 3030 
2.6.2022, 12:14:25 - INFO - Server is running on port: 3030 
2.6.2022, 12:14:48 - INFO - Server is running on port: 3030 
2.6.2022, 12:14:50 - INFO - Server is running on port: 3030 
2.6.2022, 12:16:27 - INFO - Server is running on port: 3030 
2.6.2022, 12:19:40 - INFO - Server is running on port: 3030 
2.6.2022, 12:19:42 - INFO - Server is running on port: 3030 
2.6.2022, 12:19:45 - INFO - Server is running on port: 3030 
2.6.2022, 12:19:50 - INFO - Server is running on port: 3030 
2.6.2022, 12:19:52 - INFO - Server is running on port: 3030 
2.6.2022, 12:21:59 - INFO - Server is running on port: 3030 
2.6.2022, 12:22:01 - INFO - Server is running on port: 3030 
2.6.2022, 12:22:13 - INFO - Server is running on port: 3030 
2.6.2022, 12:22:14 - INFO - Server is running on port: 3030 
2.6.2022, 12:22:16 - INFO - Server is running on port: 3030 
2.6.2022, 12:22:18 - INFO - Server is running on port: 3030 
2.6.2022, 12:22:19 - INFO - Server is running on port: 3030 
2.6.2022, 12:22:22 - INFO - Server is running on port: 3030 
2.6.2022, 12:22:23 - INFO - Server is running on port: 3030 
2.6.2022, 12:23:39 - INFO - Server is running on port: 3030 
2.6.2022, 12:23:46 - INFO - Server is running on port: 3030 
2.6.2022, 12:23:47 - INFO - Server is running on port: 3030 
2.6.2022, 12:24:34 - ERROR - cannot find stays | MongoError: unknown operator: $or (userId: 62986d5ba7d24616d8b94a4f)
2.6.2022, 12:24:34 - ERROR - Cannot get stays | MongoError: unknown operator: $or (userId: 62986d5ba7d24616d8b94a4f)
2.6.2022, 12:27:17 - INFO - Server is running on port: 3030 
2.6.2022, 12:27:24 - INFO - Server is running on port: 3030 
2.6.2022, 12:27:29 - INFO - Server is running on port: 3030 
2.6.2022, 12:27:37 - ERROR - cannot find stays | MongoError: unknown operator: $or (userId: 62986d5ba7d24616d8b94a4f)
2.6.2022, 12:27:37 - ERROR - Cannot get stays | MongoError: unknown operator: $or (userId: 62986d5ba7d24616d8b94a4f)
2.6.2022, 12:27:57 - INFO - Server is running on port: 3030 
2.6.2022, 12:28:28 - INFO - Server is running on port: 3030 
2.6.2022, 12:29:03 - INFO - Server is running on port: 3030 
2.6.2022, 12:29:05 - ERROR - cannot find stays | ReferenceError: stayLocation is not defined (userId: 62986d5ba7d24616d8b94a4f)
2.6.2022, 12:29:05 - ERROR - Cannot get stays | ReferenceError: stayLocation is not defined (userId: 62986d5ba7d24616d8b94a4f)
2.6.2022, 12:29:11 - ERROR - Cannot get stays | ReferenceError: stayLocation is not defined (userId: 62986d5ba7d24616d8b94a4f)
2.6.2022, 12:29:11 - ERROR - cannot find stays | ReferenceError: stayLocation is not defined (userId: 62986d5ba7d24616d8b94a4f)
2.6.2022, 12:29:57 - INFO - Server is running on port: 3030 
2.6.2022, 12:30:04 - INFO - Server is running on port: 3030 
2.6.2022, 12:30:05 - INFO - Server is running on port: 3030 
2.6.2022, 12:30:07 - INFO - Server is running on port: 3030 
2.6.2022, 12:30:10 - ERROR - cannot find stays | ReferenceError: stayLocation is not defined (userId: 62986d5ba7d24616d8b94a4f)
2.6.2022, 12:30:10 - ERROR - Cannot get stays | ReferenceError: stayLocation is not defined (userId: 62986d5ba7d24616d8b94a4f)
2.6.2022, 12:30:42 - INFO - Server is running on port: 3030 
2.6.2022, 12:30:43 - INFO - Server is running on port: 3030 
2.6.2022, 12:30:45 - INFO - Server is running on port: 3030 
2.6.2022, 12:30:49 - INFO - Server is running on port: 3030 
2.6.2022, 12:30:52 - INFO - Server is running on port: 3030 
2.6.2022, 12:31:03 - INFO - Server is running on port: 3030 
2.6.2022, 12:31:27 - INFO - Server is running on port: 3030 
2.6.2022, 12:33:26 - INFO - Server is running on port: 3030 
2.6.2022, 12:33:29 - ERROR - cannot find stays | TypeError: Cannot set properties of undefined (setting 'country') (userId: 62986d5ba7d24616d8b94a4f)
2.6.2022, 12:33:29 - ERROR - Cannot get stays | TypeError: Cannot set properties of undefined (setting 'country') (userId: 62986d5ba7d24616d8b94a4f)
2.6.2022, 12:34:17 - INFO - Server is running on port: 3030 
2.6.2022, 12:34:22 - INFO - Server is running on port: 3030 
2.6.2022, 12:34:30 - INFO - Server is running on port: 3030 
2.6.2022, 12:34:31 - INFO - Server is running on port: 3030 
2.6.2022, 12:34:34 - INFO - Server is running on port: 3030 
2.6.2022, 12:34:35 - ERROR - cannot find stays | ReferenceError: stayLocation is not defined (userId: 62986d5ba7d24616d8b94a4f)
2.6.2022, 12:34:35 - ERROR - Cannot get stays | ReferenceError: stayLocation is not defined (userId: 62986d5ba7d24616d8b94a4f)
2.6.2022, 12:34:42 - ERROR - cannot find stays | ReferenceError: stayLocation is not defined (userId: 62986d5ba7d24616d8b94a4f)
2.6.2022, 12:34:55 - ERROR - Cannot get stays | ReferenceError: stayLocation is not defined (userId: 62986d5ba7d24616d8b94a4f)
2.6.2022, 12:35:09 - INFO - Server is running on port: 3030 
2.6.2022, 12:35:19 - ERROR - cannot find stays | ReferenceError: stayLocation is not defined (userId: 62986d5ba7d24616d8b94a4f)
2.6.2022, 12:35:19 - ERROR - Cannot get stays | ReferenceError: stayLocation is not defined (userId: 62986d5ba7d24616d8b94a4f)
2.6.2022, 12:35:42 - INFO - Server is running on port: 3030 
2.6.2022, 12:36:23 - INFO - Server is running on port: 3030 
2.6.2022, 12:36:27 - INFO - Server is running on port: 3030 
2.6.2022, 12:36:32 - INFO - Server is running on port: 3030 
2.6.2022, 12:36:37 - ERROR - cannot find stays | TypeError: Cannot set properties of undefined (setting 'country') (userId: 62986d5ba7d24616d8b94a4f)
2.6.2022, 12:36:37 - ERROR - Cannot get stays | TypeError: Cannot set properties of undefined (setting 'country') (userId: 62986d5ba7d24616d8b94a4f)
2.6.2022, 12:36:38 - ERROR - cannot find stays | TypeError: Cannot set properties of undefined (setting 'country') (userId: 62986d5ba7d24616d8b94a4f)
2.6.2022, 12:36:38 - ERROR - Cannot get stays | TypeError: Cannot set properties of undefined (setting 'country') (userId: 62986d5ba7d24616d8b94a4f)
2.6.2022, 12:36:39 - ERROR - cannot find stays | TypeError: Cannot set properties of undefined (setting 'country') (userId: 62986d5ba7d24616d8b94a4f)
2.6.2022, 12:36:39 - ERROR - Cannot get stays | TypeError: Cannot set properties of undefined (setting 'country') (userId: 62986d5ba7d24616d8b94a4f)
2.6.2022, 12:36:40 - ERROR - Cannot get stays | TypeError: Cannot set properties of undefined (setting 'country') (userId: 62986d5ba7d24616d8b94a4f)
2.6.2022, 12:36:40 - ERROR - cannot find stays | TypeError: Cannot set properties of undefined (setting 'country') (userId: 62986d5ba7d24616d8b94a4f)
2.6.2022, 12:36:40 - ERROR - cannot find stays | TypeError: Cannot set properties of undefined (setting 'country') (userId: 62986d5ba7d24616d8b94a4f)
2.6.2022, 12:36:40 - ERROR - Cannot get stays | TypeError: Cannot set properties of undefined (setting 'country') (userId: 62986d5ba7d24616d8b94a4f)
2.6.2022, 12:36:41 - ERROR - cannot find stays | TypeError: Cannot set properties of undefined (setting 'country') (userId: 62986d5ba7d24616d8b94a4f)
2.6.2022, 12:36:41 - ERROR - Cannot get stays | TypeError: Cannot set properties of undefined (setting 'country') (userId: 62986d5ba7d24616d8b94a4f)
2.6.2022, 12:36:41 - ERROR - cannot find stays | TypeError: Cannot set properties of undefined (setting 'country') (userId: 62986d5ba7d24616d8b94a4f)
2.6.2022, 12:36:41 - ERROR - Cannot get stays | TypeError: Cannot set properties of undefined (setting 'country') (userId: 62986d5ba7d24616d8b94a4f)
2.6.2022, 12:36:41 - ERROR - cannot find stays | TypeError: Cannot set properties of undefined (setting 'country') (userId: 62986d5ba7d24616d8b94a4f)
2.6.2022, 12:36:41 - ERROR - Cannot get stays | TypeError: Cannot set properties of undefined (setting 'country') (userId: 62986d5ba7d24616d8b94a4f)
2.6.2022, 12:36:42 - ERROR - cannot find stays | TypeError: Cannot set properties of undefined (setting 'country') (userId: 62986d5ba7d24616d8b94a4f)
2.6.2022, 12:36:42 - ERROR - Cannot get stays | TypeError: Cannot set properties of undefined (setting 'country') (userId: 62986d5ba7d24616d8b94a4f)
2.6.2022, 12:36:42 - ERROR - Cannot get stays | TypeError: Cannot set properties of undefined (setting 'country') (userId: 62986d5ba7d24616d8b94a4f)
2.6.2022, 12:36:42 - ERROR - cannot find stays | TypeError: Cannot set properties of undefined (setting 'country') (userId: 62986d5ba7d24616d8b94a4f)
2.6.2022, 12:36:56 - INFO - Server is running on port: 3030 
2.6.2022, 12:37:29 - INFO - Server is running on port: 3030 
2.6.2022, 12:37:32 - INFO - Server is running on port: 3030 
2.6.2022, 12:37:36 - INFO - Server is running on port: 3030 
2.6.2022, 12:37:39 - INFO - Server is running on port: 3030 
2.6.2022, 12:37:41 - INFO - Server is running on port: 3030 
2.6.2022, 12:38:22 - INFO - Server is running on port: 3030 
2.6.2022, 12:38:46 - INFO - Server is running on port: 3030 
2.6.2022, 12:38:51 - INFO - Server is running on port: 3030 
2.6.2022, 12:38:52 - INFO - Server is running on port: 3030 
2.6.2022, 12:38:55 - INFO - Server is running on port: 3030 
2.6.2022, 12:39:02 - ERROR - cannot find stays | MongoError: unknown operator: $or (userId: 62986d5ba7d24616d8b94a4f)
2.6.2022, 12:39:02 - ERROR - Cannot get stays | MongoError: unknown operator: $or (userId: 62986d5ba7d24616d8b94a4f)
2.6.2022, 12:40:15 - INFO - Server is running on port: 3030 
2.6.2022, 12:40:55 - INFO - Server is running on port: 3030 
2.6.2022, 12:41:15 - ERROR - cannot find stays | TypeError: Assignment to constant variable. (userId: 62986d5ba7d24616d8b94a4f)
2.6.2022, 12:41:15 - ERROR - Cannot get stays | TypeError: Assignment to constant variable. (userId: 62986d5ba7d24616d8b94a4f)
2.6.2022, 12:41:16 - ERROR - cannot find stays | TypeError: Assignment to constant variable. (userId: 62986d5ba7d24616d8b94a4f)
2.6.2022, 12:41:16 - ERROR - Cannot get stays | TypeError: Assignment to constant variable. (userId: 62986d5ba7d24616d8b94a4f)
2.6.2022, 12:41:17 - ERROR - cannot find stays | TypeError: Assignment to constant variable. (userId: 62986d5ba7d24616d8b94a4f)
2.6.2022, 12:41:17 - ERROR - Cannot get stays | TypeError: Assignment to constant variable. (userId: 62986d5ba7d24616d8b94a4f)
2.6.2022, 12:41:17 - ERROR - cannot find stays | TypeError: Assignment to constant variable. (userId: 62986d5ba7d24616d8b94a4f)
2.6.2022, 12:41:17 - ERROR - Cannot get stays | TypeError: Assignment to constant variable. (userId: 62986d5ba7d24616d8b94a4f)
2.6.2022, 12:41:32 - INFO - Server is running on port: 3030 
2.6.2022, 12:41:35 - INFO - Server is running on port: 3030 
2.6.2022, 12:41:37 - INFO - Server is running on port: 3030 
2.6.2022, 12:41:38 - INFO - Server is running on port: 3030 
2.6.2022, 12:41:58 - INFO - Server is running on port: 3030 
2.6.2022, 12:42:03 - INFO - Server is running on port: 3030 
2.6.2022, 12:42:16 - INFO - Server is running on port: 3030 
2.6.2022, 12:42:20 - ERROR - cannot find stays | TypeError: Assignment to constant variable. (userId: 62986d5ba7d24616d8b94a4f)
2.6.2022, 12:42:20 - ERROR - Cannot get stays | TypeError: Assignment to constant variable. (userId: 62986d5ba7d24616d8b94a4f)
2.6.2022, 12:42:20 - ERROR - cannot find stays | TypeError: Assignment to constant variable. (userId: 62986d5ba7d24616d8b94a4f)
2.6.2022, 12:42:20 - ERROR - Cannot get stays | TypeError: Assignment to constant variable. (userId: 62986d5ba7d24616d8b94a4f)
2.6.2022, 12:42:47 - INFO - Server is running on port: 3030 
2.6.2022, 12:42:50 - INFO - Server is running on port: 3030 
2.6.2022, 12:42:52 - INFO - Server is running on port: 3030 
2.6.2022, 12:43:22 - INFO - Server is running on port: 3030 
2.6.2022, 12:43:25 - ERROR - cannot find stays | MongoError: unknown operator: $or (userId: 62986d5ba7d24616d8b94a4f)
2.6.2022, 12:43:25 - ERROR - Cannot get stays | MongoError: unknown operator: $or (userId: 62986d5ba7d24616d8b94a4f)
2.6.2022, 12:46:04 - INFO - Server is running on port: 3030 
2.6.2022, 12:46:10 - INFO - Server is running on port: 3030 
2.6.2022, 12:46:14 - INFO - Server is running on port: 3030 
2.6.2022, 12:46:16 - ERROR - cannot find stays | TypeError: Assignment to constant variable. (userId: 62986d5ba7d24616d8b94a4f)
2.6.2022, 12:46:16 - ERROR - Cannot get stays | TypeError: Assignment to constant variable. (userId: 62986d5ba7d24616d8b94a4f)
2.6.2022, 12:46:17 - ERROR - cannot find stays | TypeError: Assignment to constant variable. (userId: 62986d5ba7d24616d8b94a4f)
2.6.2022, 12:46:17 - ERROR - Cannot get stays | TypeError: Assignment to constant variable. (userId: 62986d5ba7d24616d8b94a4f)
2.6.2022, 12:46:29 - INFO - Server is running on port: 3030 
2.6.2022, 12:46:36 - INFO - Server is running on port: 3030 
2.6.2022, 12:46:41 - INFO - Server is running on port: 3030 
2.6.2022, 12:46:47 - ERROR - cannot find stays | TypeError: Assignment to constant variable. (userId: 62986d5ba7d24616d8b94a4f)
2.6.2022, 12:46:47 - ERROR - Cannot get stays | TypeError: Assignment to constant variable. (userId: 62986d5ba7d24616d8b94a4f)
2.6.2022, 12:46:47 - ERROR - cannot find stays | TypeError: Assignment to constant variable. (userId: 62986d5ba7d24616d8b94a4f)
2.6.2022, 12:46:47 - ERROR - Cannot get stays | TypeError: Assignment to constant variable. (userId: 62986d5ba7d24616d8b94a4f)
2.6.2022, 12:47:09 - INFO - Server is running on port: 3030 
2.6.2022, 12:47:10 - INFO - Server is running on port: 3030 
2.6.2022, 12:47:50 - INFO - Server is running on port: 3030 
2.6.2022, 12:47:54 - INFO - Server is running on port: 3030 
2.6.2022, 12:49:54 - INFO - Server is running on port: 3030 
2.6.2022, 12:49:56 - INFO - Server is running on port: 3030 
2.6.2022, 12:50:05 - INFO - Server is running on port: 3030 
2.6.2022, 12:50:11 - INFO - Server is running on port: 3030 
2.6.2022, 12:50:17 - INFO - Server is running on port: 3030 
2.6.2022, 12:50:28 - INFO - Server is running on port: 3030 
2.6.2022, 12:50:38 - INFO - Server is running on port: 3030 
2.6.2022, 12:50:55 - INFO - Server is running on port: 3030 
2.6.2022, 12:50:57 - INFO - Server is running on port: 3030 
2.6.2022, 12:51:17 - INFO - Server is running on port: 3030 
2.6.2022, 12:51:21 - INFO - Server is running on port: 3030 
2.6.2022, 12:51:30 - INFO - Server is running on port: 3030 
2.6.2022, 12:51:53 - INFO - Server is running on port: 3030 
2.6.2022, 12:51:56 - ERROR - cannot find stays | MongoError: unknown operator: $or (userId: 62986d5ba7d24616d8b94a4f)
2.6.2022, 12:51:56 - ERROR - Cannot get stays | MongoError: unknown operator: $or (userId: 62986d5ba7d24616d8b94a4f)
2.6.2022, 12:52:14 - INFO - Server is running on port: 3030 
2.6.2022, 12:53:15 - INFO - Server is running on port: 3030 
2.6.2022, 12:53:19 - INFO - Server is running on port: 3030 
2.6.2022, 12:53:24 - INFO - Server is running on port: 3030 
2.6.2022, 12:53:28 - INFO - Server is running on port: 3030 
2.6.2022, 12:53:30 - ERROR - cannot find stays | MongoError: unknown operator: $or (userId: 62986d5ba7d24616d8b94a4f)
2.6.2022, 12:53:30 - ERROR - Cannot get stays | MongoError: unknown operator: $or (userId: 62986d5ba7d24616d8b94a4f)
2.6.2022, 12:54:14 - INFO - Server is running on port: 3030 
2.6.2022, 12:54:15 - INFO - Server is running on port: 3030 
2.6.2022, 12:54:19 - INFO - Server is running on port: 3030 
2.6.2022, 12:59:16 - INFO - Server is running on port: 3030 
2.6.2022, 12:59:19 - INFO - Server is running on port: 3030 
2.6.2022, 12:59:23 - INFO - Server is running on port: 3030 
2.6.2022, 12:59:24 - INFO - Server is running on port: 3030 
2.6.2022, 12:59:30 - INFO - Server is running on port: 3030 
2.6.2022, 12:59:36 - INFO - Server is running on port: 3030 
2.6.2022, 12:59:40 - INFO - Server is running on port: 3030 
2.6.2022, 12:59:53 - INFO - Server is running on port: 3030 
2.6.2022, 12:59:59 - INFO - Server is running on port: 3030 
2.6.2022, 13:00:05 - INFO - Server is running on port: 3030 
2.6.2022, 13:00:21 - INFO - Server is running on port: 3030 
2.6.2022, 13:00:26 - INFO - Server is running on port: 3030 
2.6.2022, 13:00:27 - INFO - Server is running on port: 3030 
2.6.2022, 13:01:04 - INFO - Server is running on port: 3030 
2.6.2022, 13:01:10 - INFO - Server is running on port: 3030 
2.6.2022, 13:01:18 - INFO - Server is running on port: 3030 
2.6.2022, 13:01:23 - INFO - Server is running on port: 3030 
2.6.2022, 13:01:27 - INFO - Server is running on port: 3030 
2.6.2022, 13:01:54 - INFO - Server is running on port: 3030 
2.6.2022, 13:02:06 - INFO - Server is running on port: 3030 
2.6.2022, 13:02:09 - INFO - Server is running on port: 3030 
2.6.2022, 13:02:13 - INFO - Server is running on port: 3030 
2.6.2022, 13:02:19 - INFO - Server is running on port: 3030 
2.6.2022, 13:02:25 - INFO - Server is running on port: 3030 
2.6.2022, 13:02:30 - INFO - Server is running on port: 3030 
2.6.2022, 13:04:23 - INFO - Server is running on port: 3030 
2.6.2022, 13:06:47 - ERROR - cannot find stays | MongoError: $and/$or/$nor must be a nonempty array 
2.6.2022, 13:06:47 - ERROR - Cannot get stays | MongoError: $and/$or/$nor must be a nonempty array 
2.6.2022, 13:06:47 - ERROR - cannot find stays | MongoError: $and/$or/$nor must be a nonempty array 
2.6.2022, 13:06:47 - ERROR - Cannot get stays | MongoError: $and/$or/$nor must be a nonempty array 
2.6.2022, 13:07:40 - ERROR - cannot find stays | MongoError: $and/$or/$nor must be a nonempty array 
2.6.2022, 13:07:40 - ERROR - Cannot get stays | MongoError: $and/$or/$nor must be a nonempty array 
2.6.2022, 13:07:51 - ERROR - cannot find stays | MongoError: $and/$or/$nor must be a nonempty array 
2.6.2022, 13:07:51 - ERROR - Cannot get stays | MongoError: $and/$or/$nor must be a nonempty array 
2.6.2022, 13:07:52 - ERROR - cannot find stays | MongoError: $and/$or/$nor must be a nonempty array 
2.6.2022, 13:07:52 - ERROR - Cannot get stays | MongoError: $and/$or/$nor must be a nonempty array 
2.6.2022, 13:07:54 - ERROR - cannot find stays | MongoError: $and/$or/$nor must be a nonempty array 
2.6.2022, 13:07:54 - ERROR - Cannot get stays | MongoError: $and/$or/$nor must be a nonempty array 
2.6.2022, 13:07:54 - ERROR - cannot find stays | MongoError: $and/$or/$nor must be a nonempty array 
2.6.2022, 13:07:54 - ERROR - Cannot get stays | MongoError: $and/$or/$nor must be a nonempty array 
2.6.2022, 13:08:17 - ERROR - cannot find stays | MongoError: $and/$or/$nor must be a nonempty array 
2.6.2022, 13:08:17 - ERROR - Cannot get stays | MongoError: $and/$or/$nor must be a nonempty array 
2.6.2022, 13:08:57 - INFO - Server is running on port: 3030 
2.6.2022, 13:09:11 - ERROR - cannot find stays | MongoError: $and/$or/$nor must be a nonempty array 
2.6.2022, 13:09:11 - ERROR - Cannot get stays | MongoError: $and/$or/$nor must be a nonempty array 
2.6.2022, 13:09:47 - ERROR - cannot find stays | MongoError: $and/$or/$nor must be a nonempty array (userId: 62986d5ba7d24616d8b94a4f)
2.6.2022, 13:09:47 - ERROR - Cannot get stays | MongoError: $and/$or/$nor must be a nonempty array (userId: 62986d5ba7d24616d8b94a4f)
2.6.2022, 13:10:29 - ERROR - cannot find stays | MongoError: $and/$or/$nor must be a nonempty array (userId: 62986d5ba7d24616d8b94a4f)
2.6.2022, 13:10:29 - ERROR - Cannot get stays | MongoError: $and/$or/$nor must be a nonempty array (userId: 62986d5ba7d24616d8b94a4f)
2.6.2022, 13:10:57 - INFO - Server is running on port: 3030 
2.6.2022, 13:11:00 - INFO - Server is running on port: 3030 
2.6.2022, 13:11:04 - ERROR - cannot find stays | MongoError: $and/$or/$nor must be a nonempty array (userId: 62986d5ba7d24616d8b94a4f)
2.6.2022, 13:11:04 - ERROR - Cannot get stays | MongoError: $and/$or/$nor must be a nonempty array (userId: 62986d5ba7d24616d8b94a4f)
2.6.2022, 13:11:18 - INFO - Server is running on port: 3030 
2.6.2022, 13:11:39 - ERROR - cannot find stays | MongoError: $and/$or/$nor must be a nonempty array (userId: 62986d5ba7d24616d8b94a4f)
2.6.2022, 13:11:39 - ERROR - Cannot get stays | MongoError: $and/$or/$nor must be a nonempty array (userId: 62986d5ba7d24616d8b94a4f)
2.6.2022, 13:12:05 - INFO - Server is running on port: 3030 
2.6.2022, 13:12:10 - INFO - Server is running on port: 3030 
2.6.2022, 13:12:15 - INFO - Server is running on port: 3030 
2.6.2022, 13:12:16 - INFO - Server is running on port: 3030 
2.6.2022, 13:12:26 - ERROR - cannot find stays | MongoError: $and/$or/$nor must be a nonempty array (userId: 62986d5ba7d24616d8b94a4f)
2.6.2022, 13:12:26 - ERROR - Cannot get stays | MongoError: $and/$or/$nor must be a nonempty array (userId: 62986d5ba7d24616d8b94a4f)
2.6.2022, 13:13:05 - INFO - Server is running on port: 3030 
2.6.2022, 13:13:09 - ERROR - cannot find stays | MongoError: $and/$or/$nor must be a nonempty array (userId: 62986d5ba7d24616d8b94a4f)
2.6.2022, 13:13:09 - ERROR - Cannot get stays | MongoError: $and/$or/$nor must be a nonempty array (userId: 62986d5ba7d24616d8b94a4f)
2.6.2022, 13:13:33 - INFO - Server is running on port: 3030 
2.6.2022, 13:13:34 - INFO - Server is running on port: 3030 
2.6.2022, 13:13:43 - ERROR - cannot find stays | MongoError: $and/$or/$nor must be a nonempty array (userId: 62986d5ba7d24616d8b94a4f)
2.6.2022, 13:13:43 - ERROR - Cannot get stays | MongoError: $and/$or/$nor must be a nonempty array (userId: 62986d5ba7d24616d8b94a4f)
2.6.2022, 13:14:30 - INFO - Server is running on port: 3030 
2.6.2022, 13:14:44 - ERROR - cannot find stays | MongoError: $and/$or/$nor must be a nonempty array (userId: 62986d5ba7d24616d8b94a4f)
2.6.2022, 13:14:44 - ERROR - Cannot get stays | MongoError: $and/$or/$nor must be a nonempty array (userId: 62986d5ba7d24616d8b94a4f)
2.6.2022, 13:16:26 - INFO - Server is running on port: 3030 
2.6.2022, 13:16:31 - INFO - Server is running on port: 3030 
2.6.2022, 13:16:33 - INFO - Server is running on port: 3030 
2.6.2022, 13:16:41 - INFO - Server is running on port: 3030 
2.6.2022, 13:16:43 - INFO - Server is running on port: 3030 
2.6.2022, 13:16:44 - INFO - Server is running on port: 3030 
2.6.2022, 13:16:50 - ERROR - cannot find stays | MongoError: $and/$or/$nor must be a nonempty array (userId: 62986d5ba7d24616d8b94a4f)
2.6.2022, 13:16:50 - ERROR - Cannot get stays | MongoError: $and/$or/$nor must be a nonempty array (userId: 62986d5ba7d24616d8b94a4f)
2.6.2022, 13:17:00 - INFO - Server is running on port: 3030 
2.6.2022, 13:17:06 - ERROR - cannot find stays | MongoError: $and/$or/$nor must be a nonempty array (userId: 62986d5ba7d24616d8b94a4f)
2.6.2022, 13:17:06 - ERROR - Cannot get stays | MongoError: $and/$or/$nor must be a nonempty array (userId: 62986d5ba7d24616d8b94a4f)
2.6.2022, 13:17:15 - INFO - Server is running on port: 3030 
2.6.2022, 13:17:18 - INFO - Server is running on port: 3030 
2.6.2022, 13:17:22 - INFO - Server is running on port: 3030 
2.6.2022, 13:17:24 - INFO - Server is running on port: 3030 
2.6.2022, 13:17:32 - INFO - Server is running on port: 3030 
2.6.2022, 13:17:36 - INFO - Server is running on port: 3030 
2.6.2022, 13:17:39 - INFO - Server is running on port: 3030 
2.6.2022, 13:17:41 - INFO - Server is running on port: 3030 
2.6.2022, 13:18:40 - INFO - Server is running on port: 3030 
2.6.2022, 13:18:41 - INFO - Server is running on port: 3030 
2.6.2022, 13:18:44 - INFO - Server is running on port: 3030 
2.6.2022, 13:18:55 - INFO - Server is running on port: 3030 
2.6.2022, 13:19:56 - INFO - Server is running on port: 3030 
2.6.2022, 13:19:59 - ERROR - cannot find stays | MongoError: $and/$or/$nor must be a nonempty array (userId: 62986d5ba7d24616d8b94a4f)
2.6.2022, 13:19:59 - ERROR - Cannot get stays | MongoError: $and/$or/$nor must be a nonempty array (userId: 62986d5ba7d24616d8b94a4f)
2.6.2022, 13:20:30 - INFO - Server is running on port: 3030 
2.6.2022, 13:23:29 - INFO - Server is running on port: 3030 
